2026-03-20T18:26:55.610-03:00  INFO 19508 --- [ClubSetManagement] [main] com.clubset.ClubSetApplicationTests      : Starting ClubSetApplicationTests using Java 21.0.10 with PID 19508 (started by hoffm in F:\Cosas de BACKUP\Importante\Work\clubset-managment\server)
2026-03-20T18:26:55.639-03:00  INFO 19508 --- [ClubSetManagement] [main] com.clubset.ClubSetApplicationTests      : No active profile set, falling back to 1 default profile: "default"
2026-03-20T18:26:57.401-03:00  INFO 19508 --- [ClubSetManagement] [main] .s.d.r.c.RepositoryConfigurationDelegate : Bootstrapping Spring Data JPA repositories in DEFAULT mode.
2026-03-20T18:26:57.563-03:00  INFO 19508 --- [ClubSetManagement] [main] .s.d.r.c.RepositoryConfigurationDelegate : Finished Spring Data repository scanning in 141 ms. Found 8 JPA repository interfaces.
2026-03-20T18:26:58.669-03:00  INFO 19508 --- [ClubSetManagement] [main] o.hibernate.jpa.internal.util.LogHelper  : HHH000204: Processing PersistenceUnitInfo [name: default]
2026-03-20T18:26:58.835-03:00  INFO 19508 --- [ClubSetManagement] [main] org.hibernate.Version                    : HHH000412: Hibernate ORM core version 6.6.36.Final
2026-03-20T18:26:58.913-03:00  INFO 19508 --- [ClubSetManagement] [main] o.h.c.internal.RegionFactoryInitiator    : HHH000026: Second-level cache disabled
2026-03-20T18:26:59.637-03:00  INFO 19508 --- [ClubSetManagement] [main] o.s.o.j.p.SpringPersistenceUnitInfo      : No LoadTimeWeaver setup: ignoring JPA class transformer
2026-03-20T18:26:59.716-03:00  INFO 19508 --- [ClubSetManagement] [main] com.zaxxer.hikari.HikariDataSource       : HikariPool-1 - Starting...
2026-03-20T18:27:00.549-03:00  INFO 19508 --- [ClubSetManagement] [main] com.zaxxer.hikari.pool.HikariPool        : HikariPool-1 - Added connection org.postgresql.jdbc.PgConnection@7462ba4b
2026-03-20T18:27:00.551-03:00  INFO 19508 --- [ClubSetManagement] [main] com.zaxxer.hikari.HikariDataSource       : HikariPool-1 - Start completed.
2026-03-20T18:27:00.765-03:00  WARN 19508 --- [ClubSetManagement] [main] org.hibernate.orm.deprecation            : HHH90000025: PostgreSQLDialect does not need to be specified explicitly using 'hibernate.dialect' (remove the property setting and it will be selected by default)
2026-03-20T18:27:00.820-03:00  INFO 19508 --- [ClubSetManagement] [main] org.hibernate.orm.connections.pooling    : HHH10001005: Database info:
	Database JDBC URL [Connecting through datasource 'HikariDataSource (HikariPool-1)']
	Database driver: undefined/unknown
	Database version: 17.8
	Autocommit mode: undefined/unknown
	Isolation level: undefined/unknown
	Minimum pool size: undefined/unknown
	Maximum pool size: undefined/unknown
2026-03-20T18:27:02.727-03:00  INFO 19508 --- [ClubSetManagement] [main] o.h.e.t.j.p.i.JtaPlatformInitiator       : HHH000489: No JTA platform available (set 'hibernate.transaction.jta.platform' to enable JTA platform integration)
2026-03-20T18:27:03.084-03:00  WARN 19508 --- [ClubSetManagement] [main] o.h.engine.jdbc.spi.SqlExceptionHelper   : SQL Warning Code: 0, SQLState: 00000
2026-03-20T18:27:03.084-03:00  WARN 19508 --- [ClubSetManagement] [main] o.h.engine.jdbc.spi.SqlExceptionHelper   : no existe la restricción «ukr4k4edos30bx9neoq81mdvwph» en la relación «refresh_token», omitiendo
2026-03-20T18:27:03.088-03:00  WARN 19508 --- [ClubSetManagement] [main] o.h.engine.jdbc.spi.SqlExceptionHelper   : SQL Warning Code: 0, SQLState: 00000
2026-03-20T18:27:03.089-03:00  WARN 19508 --- [ClubSetManagement] [main] o.h.engine.jdbc.spi.SqlExceptionHelper   : no existe la restricción «ukls84fdswhfs72mc7iuskkwg4s» en la relación «refresh_token», omitiendo
2026-03-20T18:27:03.132-03:00  WARN 19508 --- [ClubSetManagement] [main] o.h.engine.jdbc.spi.SqlExceptionHelper   : SQL Warning Code: 0, SQLState: 00000
2026-03-20T18:27:03.133-03:00  WARN 19508 --- [ClubSetManagement] [main] o.h.engine.jdbc.spi.SqlExceptionHelper   : no existe la restricción «uk_cancha_fecha» en la relación «reserva», omitiendo
2026-03-20T18:27:03.267-03:00  INFO 19508 --- [ClubSetManagement] [main] j.LocalContainerEntityManagerFactoryBean : Initialized JPA EntityManagerFactory for persistence unit 'default'
2026-03-20T18:27:03.976-03:00  INFO 19508 --- [ClubSetManagement] [main] eAuthenticationProviderManagerConfigurer : Global AuthenticationManager configured with AuthenticationProvider bean with name authenticationProvider
2026-03-20T18:27:03.977-03:00  WARN 19508 --- [ClubSetManagement] [main] r$InitializeUserDetailsManagerConfigurer : Global AuthenticationManager configured with an AuthenticationProvider bean. UserDetailsService beans will not be used by Spring Security for automatically configuring username/password login. Consider removing the AuthenticationProvider bean. Alternatively, consider using the UserDetailsService in a manually instantiated DaoAuthenticationProvider. If the current configuration is intentional, to turn off this warning, increase the logging level of 'org.springframework.security.config.annotation.authentication.configuration.InitializeUserDetailsBeanManagerConfigurer' to ERROR
2026-03-20T18:27:04.313-03:00  INFO 19508 --- [ClubSetManagement] [main] o.s.d.j.r.query.QueryEnhancerFactory     : Hibernate is in classpath; If applicable, HQL parser will be used.
2026-03-20T18:27:05.674-03:00  WARN 19508 --- [ClubSetManagement] [main] JpaBaseConfiguration$JpaWebConfiguration : spring.jpa.open-in-view is enabled by default. Therefore, database queries may be performed during view rendering. Explicitly configure spring.jpa.open-in-view to disable this warning
2026-03-20T18:27:06.899-03:00  INFO 19508 --- [ClubSetManagement] [main] com.clubset.ClubSetApplicationTests      : Started ClubSetApplicationTests in 11.815 seconds (process running for 14.32)
2026-03-20T18:27:08.443-03:00  INFO 19508 --- [ClubSetManagement] [SpringApplicationShutdownHook] j.LocalContainerEntityManagerFactoryBean : Closing JPA EntityManagerFactory for persistence unit 'default'
2026-03-20T18:27:08.451-03:00  INFO 19508 --- [ClubSetManagement] [SpringApplicationShutdownHook] com.zaxxer.hikari.HikariDataSource       : HikariPool-1 - Shutdown initiated...
2026-03-20T18:27:08.474-03:00  INFO 19508 --- [ClubSetManagement] [SpringApplicationShutdownHook] com.zaxxer.hikari.HikariDataSource       : HikariPool-1 - Shutdown completed.
2026-03-20T18:28:07.571-03:00  INFO 20812 --- [ClubSetManagement] [main] com.clubset.ClubSetApplication           : Starting ClubSetApplication using Java 21.0.10 with PID 20812 (F:\Cosas de BACKUP\Importante\Work\clubset-managment\server\target\classes started by hoffm in F:\Cosas de BACKUP\Importante\Work\clubset-managment\server)
2026-03-20T18:28:07.574-03:00  INFO 20812 --- [ClubSetManagement] [main] com.clubset.ClubSetApplication           : No active profile set, falling back to 1 default profile: "default"
2026-03-20T18:28:08.586-03:00  INFO 20812 --- [ClubSetManagement] [main] .s.d.r.c.RepositoryConfigurationDelegate : Bootstrapping Spring Data JPA repositories in DEFAULT mode.
2026-03-20T18:28:08.714-03:00  INFO 20812 --- [ClubSetManagement] [main] .s.d.r.c.RepositoryConfigurationDelegate : Finished Spring Data repository scanning in 118 ms. Found 8 JPA repository interfaces.
2026-03-20T18:28:09.504-03:00  INFO 20812 --- [ClubSetManagement] [main] o.s.b.w.embedded.tomcat.TomcatWebServer  : Tomcat initialized with port 8080 (http)
2026-03-20T18:28:09.527-03:00  INFO 20812 --- [ClubSetManagement] [main] o.apache.catalina.core.StandardService   : Starting service [Tomcat]
2026-03-20T18:28:09.572-03:00  INFO 20812 --- [ClubSetManagement] [main] o.apache.catalina.core.StandardEngine    : Starting Servlet engine: [Apache Tomcat/10.1.49]
2026-03-20T18:28:09.688-03:00  INFO 20812 --- [ClubSetManagement] [main] o.a.c.c.C.[Tomcat].[localhost].[/]       : Initializing Spring embedded WebApplicationContext
2026-03-20T18:28:09.689-03:00  INFO 20812 --- [ClubSetManagement] [main] w.s.c.ServletWebServerApplicationContext : Root WebApplicationContext: initialization completed in 2057 ms
2026-03-20T18:28:09.868-03:00  INFO 20812 --- [ClubSetManagement] [main] o.hibernate.jpa.internal.util.LogHelper  : HHH000204: Processing PersistenceUnitInfo [name: default]
2026-03-20T18:28:09.927-03:00  INFO 20812 --- [ClubSetManagement] [main] org.hibernate.Version                    : HHH000412: Hibernate ORM core version 6.6.36.Final
2026-03-20T18:28:09.969-03:00  INFO 20812 --- [ClubSetManagement] [main] o.h.c.internal.RegionFactoryInitiator    : HHH000026: Second-level cache disabled
2026-03-20T18:28:10.294-03:00  INFO 20812 --- [ClubSetManagement] [main] o.s.o.j.p.SpringPersistenceUnitInfo      : No LoadTimeWeaver setup: ignoring JPA class transformer
2026-03-20T18:28:10.329-03:00  INFO 20812 --- [ClubSetManagement] [main] com.zaxxer.hikari.HikariDataSource       : HikariPool-1 - Starting...
2026-03-20T18:28:10.531-03:00  INFO 20812 --- [ClubSetManagement] [main] com.zaxxer.hikari.pool.HikariPool        : HikariPool-1 - Added connection org.postgresql.jdbc.PgConnection@135e49b2
2026-03-20T18:28:10.534-03:00  INFO 20812 --- [ClubSetManagement] [main] com.zaxxer.hikari.HikariDataSource       : HikariPool-1 - Start completed.
2026-03-20T18:28:10.575-03:00  WARN 20812 --- [ClubSetManagement] [main] org.hibernate.orm.deprecation            : HHH90000025: PostgreSQLDialect does not need to be specified explicitly using 'hibernate.dialect' (remove the property setting and it will be selected by default)
2026-03-20T18:28:10.598-03:00  INFO 20812 --- [ClubSetManagement] [main] org.hibernate.orm.connections.pooling    : HHH10001005: Database info:
	Database JDBC URL [Connecting through datasource 'HikariDataSource (HikariPool-1)']
	Database driver: undefined/unknown
	Database version: 17.8
	Autocommit mode: undefined/unknown
	Isolation level: undefined/unknown
	Minimum pool size: undefined/unknown
	Maximum pool size: undefined/unknown
2026-03-20T18:28:11.987-03:00  INFO 20812 --- [ClubSetManagement] [main] o.h.e.t.j.p.i.JtaPlatformInitiator       : HHH000489: No JTA platform available (set 'hibernate.transaction.jta.platform' to enable JTA platform integration)
2026-03-20T18:28:12.181-03:00  INFO 20812 --- [ClubSetManagement] [main] j.LocalContainerEntityManagerFactoryBean : Initialized JPA EntityManagerFactory for persistence unit 'default'
2026-03-20T18:28:12.760-03:00  INFO 20812 --- [ClubSetManagement] [main] eAuthenticationProviderManagerConfigurer : Global AuthenticationManager configured with AuthenticationProvider bean with name authenticationProvider
2026-03-20T18:28:12.761-03:00  WARN 20812 --- [ClubSetManagement] [main] r$InitializeUserDetailsManagerConfigurer : Global AuthenticationManager configured with an AuthenticationProvider bean. UserDetailsService beans will not be used by Spring Security for automatically configuring username/password login. Consider removing the AuthenticationProvider bean. Alternatively, consider using the UserDetailsService in a manually instantiated DaoAuthenticationProvider. If the current configuration is intentional, to turn off this warning, increase the logging level of 'org.springframework.security.config.annotation.authentication.configuration.InitializeUserDetailsBeanManagerConfigurer' to ERROR
2026-03-20T18:28:13.076-03:00  INFO 20812 --- [ClubSetManagement] [main] o.s.d.j.r.query.QueryEnhancerFactory     : Hibernate is in classpath; If applicable, HQL parser will be used.
2026-03-20T18:28:14.044-03:00  WARN 20812 --- [ClubSetManagement] [main] JpaBaseConfiguration$JpaWebConfiguration : spring.jpa.open-in-view is enabled by default. Therefore, database queries may be performed during view rendering. Explicitly configure spring.jpa.open-in-view to disable this warning
2026-03-20T18:28:14.866-03:00  INFO 20812 --- [ClubSetManagement] [main] o.s.b.w.embedded.tomcat.TomcatWebServer  : Tomcat started on port 8080 (http) with context path '/'
2026-03-20T18:28:14.883-03:00  INFO 20812 --- [ClubSetManagement] [main] com.clubset.ClubSetApplication           : Started ClubSetApplication in 7.891 seconds (process running for 8.479)
2026-03-20T18:28:35.143-03:00  INFO 20812 --- [ClubSetManagement] [http-nio-8080-exec-1] o.a.c.c.C.[Tomcat].[localhost].[/]       : Initializing Spring DispatcherServlet 'dispatcherServlet'
2026-03-20T18:28:35.146-03:00  INFO 20812 --- [ClubSetManagement] [http-nio-8080-exec-1] o.s.web.servlet.DispatcherServlet        : Initializing Servlet 'dispatcherServlet'
2026-03-20T18:28:35.154-03:00  INFO 20812 --- [ClubSetManagement] [http-nio-8080-exec-1] o.s.web.servlet.DispatcherServlet        : Completed initialization in 5 ms
2026-03-20T19:34:12.818-03:00  INFO 20812 --- [ClubSetManagement] [SpringApplicationShutdownHook] o.s.b.w.e.tomcat.GracefulShutdown        : Commencing graceful shutdown. Waiting for active requests to complete
2026-03-20T19:34:12.827-03:00  INFO 20812 --- [ClubSetManagement] [tomcat-shutdown] o.s.b.w.e.tomcat.GracefulShutdown        : Graceful shutdown complete
2026-03-20T19:34:12.838-03:00  INFO 20812 --- [ClubSetManagement] [SpringApplicationShutdownHook] j.LocalContainerEntityManagerFactoryBean : Closing JPA EntityManagerFactory for persistence unit 'default'
2026-03-20T19:34:12.850-03:00  INFO 20812 --- [ClubSetManagement] [SpringApplicationShutdownHook] com.zaxxer.hikari.HikariDataSource       : HikariPool-1 - Shutdown initiated...
2026-03-20T19:34:12.854-03:00  INFO 20812 --- [ClubSetManagement] [SpringApplicationShutdownHook] com.zaxxer.hikari.HikariDataSource       : HikariPool-1 - Shutdown completed.
